Removed Pin From Net: NetName=NetC4_2 Pin=C4-2
Removed Pin From Net: NetName=NetC5_2 Pin=C5-2
Added Component: Designator=C?(CP1/2.5)
Add component (AddParameter): Name = "Description 1"; Value = "470uF/6,3V - 330uF/10V - 220uF/16V"; VariantName = "[No Variations]"
Add component (AddParameter): Name = "Description 2"; Value = "100uF/25V - 35V - 47uF/50V - 22uF/100V"; VariantName = "[No Variations]"
Add component (AddParameter): Name = "Description 3"; Value = "33uF => 47uF/63V - 1uF => 4,7uF/160V"; VariantName = "[No Variations]"
Add component (AddParameter): Name = "Description 4"; Value = "1uF => 2,2uF/250V - 1uF/350V"; VariantName = "[No Variations]"
Add component (AddParameter): Name = "Value"; Value = "47uF/16 - 50V"; VariantName = "[No Variations]"
Added Component: Designator=C?(CP1/2.5)
Add component (AddParameter): Name = "Description 1"; Value = "470uF/6,3V - 330uF/10V - 220uF/16V"; VariantName = "[No Variations]"
Add component (AddParameter): Name = "Description 2"; Value = "100uF/25V - 35V - 47uF/50V - 22uF/100V"; VariantName = "[No Variations]"
Add component (AddParameter): Name = "Description 3"; Value = "33uF => 47uF/63V - 1uF => 4,7uF/160V"; VariantName = "[No Variations]"
Add component (AddParameter): Name = "Description 4"; Value = "1uF => 2,2uF/250V - 1uF/350V"; VariantName = "[No Variations]"
Add component (AddParameter): Name = "Value"; Value = "47uF/16 - 50V"; VariantName = "[No Variations]"
Added Component: Designator=C?(CP1.5/3.4)
Add component (AddParameter): Name = "Description 1"; Value = "2200uF-3300uF/6,3V - 1000uF-2200uF/10V"; VariantName = "[No Variations]"
Add component (AddParameter): Name = "Description 2"; Value = "1000uF/16V - 470uF => 1000uF/25V - 100uF/100V"; VariantName = "[No Variations]"
Add component (AddParameter): Name = "Description 3"; Value = "330uF>470uF/35V_220uF>470uF/50V_10uF>22uF/250V"; VariantName = "[No Variations]"
Add component (AddParameter): Name = "Description 4"; Value = "220uF => 330uF/63V - 10uF =>33uF/160 - 200V"; VariantName = "[No Variations]"
Add component (AddParameter): Name = "Description 5"; Value = "4,7uF>10uF/250V_3,3uF>10uF/400V - 2,2uF>4,7uF/450V"; VariantName = "[No Variations]"
Add component (AddParameter): Name = "Value"; Value = "1000uF/16V"; VariantName = "[No Variations]"
Added Pin To Net: NetName=NetC5_2 Pin=C?-2
Change Net Name : Old Net Name=NetC4_2 New Net Name=NetD1_1
Change Net Name : Old Net Name=NetC5_2 New Net Name=NetC?_2
Added Pin To Net: NetName=NetC?_1 Pin=C?-1
Added Pin To Net: NetName=NetC?_1 Pin=C?-1
Added Pin To Net: NetName=NetC?_1 Pin=Q1-3
Added Pin To Net: NetName=NetC?_1 Pin=R8-2
Added Net: Name=NetC?_1
Added Member To Class: ClassName=DTTT_Schematic Member=Component C? 100uF
Added Member To Class: ClassName=DTTT_Schematic Member=Component C? 100uF
Added Member To Class: ClassName=DTTT_Schematic Member=Component C? 1000uF/16V
Added Room: Name=DTTT_Schematic
