Removed Pin From Net: NetName=NetC4_2 Pin=C4-2
Removed Pin From Net: NetName=NetC5_2 Pin=C5-2
Added Component: Designator=C?(CP1/2.5)
Add component (AddParameter): Name = "Description 1"; Value = "470uF/6,3V - 330uF/10V - 220uF/16V"; VariantName = "[No Variations]"
Add component (AddParameter): Name = "Description 2"; Value = "100uF/25V - 35V - 47uF/50V - 22uF/100V"; VariantName = "[No Variations]"
Add component (AddParameter): Name = "Description 3"; Value = "33uF => 47uF/63V - 1uF => 4,7uF/160V"; VariantName = "[No Variations]"
Add component (AddParameter): Name = "Description 4"; Value = "1uF => 2,2uF/250V - 1uF/350V"; VariantName = "[No Variations]"
Add component (AddParameter): Name = "Value"; Value = "47uF/16 - 50V"; VariantName = "[No Variations]"
Added Component: Designator=C?(CP1/2.5)
Add component (AddParameter): Name = "Description 1"; Value = "470uF/6,3V - 330uF/10V - 220uF/16V"; VariantName = "[No Variations]"
Add component (AddParameter): Name = "Description 2"; Value = "100uF/25V - 35V - 47uF/50V - 22uF/100V"; VariantName = "[No Variations]"
Add component (AddParameter): Name = "Description 3"; Value = "33uF => 47uF/63V - 1uF => 4,7uF/160V"; VariantName = "[No Variations]"
Add component (AddParameter): Name = "Description 4"; Value = "1uF => 2,2uF/250V - 1uF/350V"; VariantName = "[No Variations]"
Add component (AddParameter): Name = "Value"; Value = "47uF/16 - 50V"; VariantName = "[No Variations]"
Added Component: Designator=C?(CP3/7)
Add component (AddParameter): Name = "Description 1"; Value = "10KuF=>22KuF/6,3V - 6800uF=>15KuF/10V"; VariantName = "[No Variations]"
Add component (AddParameter): Name = "Description 2"; Value = "4700uF=>10KuF/16V - 3300uF => 6800uF/25V"; VariantName = "[No Variations]"
Add component (AddParameter): Name = "Description 3"; Value = "2200uF=>3300uF/50V_1KuF=>2200uF/63V"; VariantName = "[No Variations]"
Add component (AddParameter): Name = "Description 4"; Value = "470uF => 1KuF/100V - 220uF-470uF/160V"; VariantName = "[No Variations]"
Add component (AddParameter): Name = "Description 5"; Value = "100uF=>220uF/200V -100uF=>330uF/350V"; VariantName = "[No Variations]"
Add component (AddParameter): Name = "Description 6"; Value = "33uF=>100/350V-400V  -  22uF=>33uF/450V"; VariantName = "[No Variations]"
Add component (AddParameter): Name = "Value"; Value = "2200uF/16V"; VariantName = "[No Variations]"
Added Pin To Net: NetName=NetC5_2 Pin=C?-2
Change Net Name : Old Net Name=NetC4_2 New Net Name=NetD1_1
Change Net Name : Old Net Name=NetC5_2 New Net Name=NetC?_2
Added Pin To Net: NetName=NetC?_1 Pin=C?-1
Added Pin To Net: NetName=NetC?_1 Pin=C?-1
Added Pin To Net: NetName=NetC?_1 Pin=Q1-3
Added Pin To Net: NetName=NetC?_1 Pin=R8-2
Added Net: Name=NetC?_1
Added Member To Class: ClassName=DTTT_Schematic Member=Component C? 100uF
Added Member To Class: ClassName=DTTT_Schematic Member=Component C? 100uF
Added Member To Class: ClassName=DTTT_Schematic Member=Component C? 4700uF/16V
Added Room: Name=DTTT_Schematic
